{
  "stats": {
    "suites": 1,
    "tests": 1,
    "passes": 1,
    "pending": 0,
    "failures": 0,
    "start": "2024-03-16T10:50:36.846Z",
    "end": "2024-03-16T10:50:44.999Z",
    "duration": 8153,
    "testsRegistered": 1,
    "passPercent": 100,
    "pendingPercent": 0,
    "other": 0,
    "hasOther": false,
    "skipped": 0,
    "hasSkipped": false
  },
  "results": [
    {
      "uuid": "c540fcc1-504d-4361-b7ed-3e1fd4abbcc2",
      "title": "",
      "fullFile": "cypress\\e2e\\login.cy.js",
      "file": "cypress\\e2e\\login.cy.js",
      "beforeHooks": [],
      "afterHooks": [],
      "tests": [],
      "suites": [
        {
          "uuid": "d2bae339-3e6f-4b5a-b8b1-d12acf91d642",
          "title": "Login functionality",
          "fullFile": "",
          "file": "",
          "beforeHooks": [],
          "afterHooks": [],
          "tests": [
            {
              "title": "verify login to application with valid data",
              "fullTitle": "Login functionality verify login to application with valid data",
              "timedOut": null,
              "duration": 5730,
              "state": "passed",
              "speed": "medium",
              "pass": true,
              "fail": false,
              "pending": false,
              "context": null,
              "code": "cy.visit('https://demowebshop.tricentis.com/');\ncy.get('.ico-login').click();\n// Delay each keypress by 0.1 sec\ncy.get('#Email').type(userData.email);\ncy.get('#Password').type(userData.password);\ncy.get('form > .buttons > .button-1').click();\ncy.get('.header-links > ul > :nth-child(1) > .account').should($lis => {\n  expect($lis.eq(0), 'message').to.contain(userData.email);\n});\ncy.get('.ico-logout').click();",
              "err": {},
              "uuid": "beb6821d-b976-46f8-8804-43f05f21cdd2",
              "parentUUID": "d2bae339-3e6f-4b5a-b8b1-d12acf91d642",
              "isHook": false,
              "skipped": false
            }
          ],
          "suites": [],
          "passes": [
            "beb6821d-b976-46f8-8804-43f05f21cdd2"
          ],
          "failures": [],
          "pending": [],
          "skipped": [],
          "duration": 5730,
          "root": false,
          "rootEmpty": false,
          "_timeout": 2000
        }
      ],
      "passes": [],
      "failures": [],
      "pending": [],
      "skipped": [],
      "duration": 0,
      "root": true,
      "rootEmpty": true,
      "_timeout": 2000
    }
  ],
  "meta": {
    "mocha": {
      "version": "7.0.1"
    },
    "mochawesome": {
      "options": {
        "quiet": false,
        "reportFilename": "my-report",
        "saveHtml": false,
        "saveJson": true,
        "consoleReporter": "spec",
        "useInlineDiffs": false,
        "code": true
      },
      "version": "7.1.3"
    },
    "marge": {
      "options": {
        "charts": true,
        "json": true,
        "reportsDir": "reports/mochawesome",
        "reportFilename": "my-report",
        "overwrite": false,
        "html": false,
        "reportDir": "cypress\\reports\\html\\.jsons"
      },
      "version": "6.2.0"
    }
  }
}